

Started GET "/api/lists/test-list" for 127.0.0.1 at 2013-01-28 20:29:32 +0000
Processing by Api::ListsController#show as JSON
  Parameters: {"id"=>"test-list"}
  MOPED: 127.0.0.1:27017 COMMAND      database=admin command={:ismaster=>1} (0.9999ms)
  MOPED: 127.0.0.1:27017 QUERY        database=stor_dev collection=lists selector={"$query"=>{"slug"=>"test-list"}, "$orderby"=>{:_id=>1}} flags=[:slave_ok] limit=-1 skip=0 batch_size=nil fields=nil (0.0000ms)
Completed 200 OK in 4ms (Views: 1.0ms)


Started PUT "/api/lists/test-list" for 127.0.0.1 at 2013-01-28 20:30:34 +0000

SyntaxError (C:/projects/stor/app/controllers/api/lists_controller.rb:48: syntax error, unexpected keyword_end, expecting $end):
  activesupport (3.2.11) lib/active_support/dependencies.rb:469:in `load'
  activesupport (3.2.11) lib/active_support/dependencies.rb:469:in `block in load_file'
  activesupport (3.2.11) lib/active_support/dependencies.rb:639:in `new_constants_in'
  activesupport (3.2.11) lib/active_support/dependencies.rb:468:in `load_file'
  activesupport (3.2.11) lib/active_support/dependencies.rb:353:in `require_or_load'
  activesupport (3.2.11) lib/active_support/dependencies.rb:502:in `load_missing_constant'
  activesupport (3.2.11) lib/active_support/dependencies.rb:192:in `block in const_missing'
  activesupport (3.2.11) lib/active_support/dependencies.rb:190:in `each'
  activesupport (3.2.11) lib/active_support/dependencies.rb:190:in `const_missing'
  activesupport (3.2.11) lib/active_support/inflector/methods.rb:230:in `block in constantize'
  activesupport (3.2.11) lib/active_support/inflector/methods.rb:229:in `each'
  activesupport (3.2.11) lib/active_support/inflector/methods.rb:229:in `constantize'
  activesupport (3.2.11) lib/active_support/dependencies.rb:554:in `get'
  actionpack (3.2.11) lib/action_dispatch/routing/route_set.rb:69:in `controller_reference'
  actionpack (3.2.11) lib/action_dispatch/routing/route_set.rb:54:in `controller'
  actionpack (3.2.11) lib/action_dispatch/routing/route_set.rb:32:in `call'
  journey (1.0.4) lib/journey/router.rb:68:in `block in call'
  journey (1.0.4) lib/journey/router.rb:56:in `each'
  journey (1.0.4) lib/journey/router.rb:56:in `call'
  actionpack (3.2.11) lib/action_dispatch/routing/route_set.rb:601:in `call'
  mongoid (3.0.17) lib/rack/mongoid/middleware/identity_map.rb:34:in `block in call'
  mongoid (3.0.17) lib/mongoid/unit_of_work.rb:39:in `unit_of_work'
  mongoid (3.0.17) lib/rack/mongoid/middleware/identity_map.rb:34:in `call'
  actionpack (3.2.11) lib/action_dispatch/middleware/best_standards_support.rb:17:in `call'
  rack (1.4.4) lib/rack/etag.rb:23:in `call'
  rack (1.4.4) lib/rack/conditionalget.rb:35:in `call'
  actionpack (3.2.11) lib/action_dispatch/middleware/head.rb:14:in `call'
  actionpack (3.2.11) lib/action_dispatch/middleware/params_parser.rb:21:in `call'
  actionpack (3.2.11) lib/action_dispatch/middleware/flash.rb:242:in `call'
  rack (1.4.4) lib/rack/session/abstract/id.rb:210:in `context'
  rack (1.4.4) lib/rack/session/abstract/id.rb:205:in `call'
  actionpack (3.2.11) lib/action_dispatch/middleware/cookies.rb:341:in `call'
  actionpack (3.2.11) lib/action_dispatch/middleware/callbacks.rb:28:in `block in call'
  activesupport (3.2.11) lib/active_support/callbacks.rb:405:in `_run__1056940154__call__1066015915__callbacks'
  activesupport (3.2.11) lib/active_support/callbacks.rb:405:in `__run_callback'
  activesupport (3.2.11) lib/active_support/callbacks.rb:385:in `_run_call_callbacks'
  activesupport (3.2.11) lib/active_support/callbacks.rb:81:in `run_callbacks'
  actionpack (3.2.11) lib/action_dispatch/middleware/callbacks.rb:27:in `call'
  actionpack (3.2.11) lib/action_dispatch/middleware/reloader.rb:65:in `call'
  actionpack (3.2.11) lib/action_dispatch/middleware/remote_ip.rb:31:in `call'
  actionpack (3.2.11) lib/action_dispatch/middleware/debug_exceptions.rb:16:in `call'
  actionpack (3.2.11) lib/action_dispatch/middleware/show_exceptions.rb:56:in `call'
  railties (3.2.11) lib/rails/rack/logger.rb:32:in `call_app'
  railties (3.2.11) lib/rails/rack/logger.rb:16:in `block in call'
  activesupport (3.2.11) lib/active_support/tagged_logging.rb:22:in `tagged'
  railties (3.2.11) lib/rails/rack/logger.rb:16:in `call'
  actionpack (3.2.11) lib/action_dispatch/middleware/request_id.rb:22:in `call'
  rack (1.4.4) lib/rack/methodoverride.rb:21:in `call'
  rack (1.4.4) lib/rack/runtime.rb:17:in `call'
  activesupport (3.2.11) lib/active_support/cache/strategy/local_cache.rb:72:in `call'
  rack (1.4.4) lib/rack/lock.rb:15:in `call'
  actionpack (3.2.11) lib/action_dispatch/middleware/static.rb:62:in `call'
  railties (3.2.11) lib/rails/engine.rb:479:in `call'
  railties (3.2.11) lib/rails/application.rb:223:in `call'
  rack (1.4.4) lib/rack/content_length.rb:14:in `call'
  railties (3.2.11) lib/rails/rack/log_tailer.rb:17:in `call'
  rack (1.4.4) lib/rack/handler/webrick.rb:59:in `service'
  C:/ruby193/lib/ruby/1.9.1/webrick/httpserver.rb:138:in `service'
  C:/ruby193/lib/ruby/1.9.1/webrick/httpserver.rb:94:in `run'
  C:/ruby193/lib/ruby/1.9.1/webrick/server.rb:191:in `block in start_thread'


  Rendered C:/ruby193/lib/ruby/gems/1.9.1/gems/actionpack-3.2.11/lib/action_dispatch/middleware/templates/rescues/_trace.erb (2.0ms)
  Rendered C:/ruby193/lib/ruby/gems/1.9.1/gems/actionpack-3.2.11/lib/action_dispatch/middleware/templates/rescues/_request_and_response.erb (1.0ms)
  Rendered C:/ruby193/lib/ruby/gems/1.9.1/gems/actionpack-3.2.11/lib/action_dispatch/middleware/templates/rescues/diagnostics.erb within rescues/layout (26.0ms)


Started PUT "/api/lists/test-list" for 127.0.0.1 at 2013-01-28 20:33:08 +0000

SyntaxError (C:/projects/stor/app/controllers/api/lists_controller.rb:36: syntax error, unexpected keyword_do_block
    newSchemaFields.each |field| do
                                   ^
C:/projects/stor/app/controllers/api/lists_controller.rb:52: syntax error, unexpected keyword_end, expecting $end):
  activesupport (3.2.11) lib/active_support/dependencies.rb:469:in `load'
  activesupport (3.2.11) lib/active_support/dependencies.rb:469:in `block in load_file'
  activesupport (3.2.11) lib/active_support/dependencies.rb:639:in `new_constants_in'
  activesupport (3.2.11) lib/active_support/dependencies.rb:468:in `load_file'
  activesupport (3.2.11) lib/active_support/dependencies.rb:353:in `require_or_load'
  activesupport (3.2.11) lib/active_support/dependencies.rb:502:in `load_missing_constant'
  activesupport (3.2.11) lib/active_support/dependencies.rb:192:in `block in const_missing'
  activesupport (3.2.11) lib/active_support/dependencies.rb:190:in `each'
  activesupport (3.2.11) lib/active_support/dependencies.rb:190:in `const_missing'
  activesupport (3.2.11) lib/active_support/inflector/methods.rb:230:in `block in constantize'
  activesupport (3.2.11) lib/active_support/inflector/methods.rb:229:in `each'
  activesupport (3.2.11) lib/active_support/inflector/methods.rb:229:in `constantize'
  activesupport (3.2.11) lib/active_support/dependencies.rb:554:in `get'
  actionpack (3.2.11) lib/action_dispatch/routing/route_set.rb:69:in `controller_reference'
  actionpack (3.2.11) lib/action_dispatch/routing/route_set.rb:54:in `controller'
  actionpack (3.2.11) lib/action_dispatch/routing/route_set.rb:32:in `call'
  journey (1.0.4) lib/journey/router.rb:68:in `block in call'
  journey (1.0.4) lib/journey/router.rb:56:in `each'
  journey (1.0.4) lib/journey/router.rb:56:in `call'
  actionpack (3.2.11) lib/action_dispatch/routing/route_set.rb:601:in `call'
  mongoid (3.0.17) lib/rack/mongoid/middleware/identity_map.rb:34:in `block in call'
  mongoid (3.0.17) lib/mongoid/unit_of_work.rb:39:in `unit_of_work'
  mongoid (3.0.17) lib/rack/mongoid/middleware/identity_map.rb:34:in `call'
  actionpack (3.2.11) lib/action_dispatch/middleware/best_standards_support.rb:17:in `call'
  rack (1.4.4) lib/rack/etag.rb:23:in `call'
  rack (1.4.4) lib/rack/conditionalget.rb:35:in `call'
  actionpack (3.2.11) lib/action_dispatch/middleware/head.rb:14:in `call'
  actionpack (3.2.11) lib/action_dispatch/middleware/params_parser.rb:21:in `call'
  actionpack (3.2.11) lib/action_dispatch/middleware/flash.rb:242:in `call'
  rack (1.4.4) lib/rack/session/abstract/id.rb:210:in `context'
  rack (1.4.4) lib/rack/session/abstract/id.rb:205:in `call'
  actionpack (3.2.11) lib/action_dispatch/middleware/cookies.rb:341:in `call'
  actionpack (3.2.11) lib/action_dispatch/middleware/callbacks.rb:28:in `block in call'
  activesupport (3.2.11) lib/active_support/callbacks.rb:405:in `_run__1056940154__call__1066015915__callbacks'
  activesupport (3.2.11) lib/active_support/callbacks.rb:405:in `__run_callback'
  activesupport (3.2.11) lib/active_support/callbacks.rb:385:in `_run_call_callbacks'
  activesupport (3.2.11) lib/active_support/callbacks.rb:81:in `run_callbacks'
  actionpack (3.2.11) lib/action_dispatch/middleware/callbacks.rb:27:in `call'
  actionpack (3.2.11) lib/action_dispatch/middleware/reloader.rb:65:in `call'
  actionpack (3.2.11) lib/action_dispatch/middleware/remote_ip.rb:31:in `call'
  actionpack (3.2.11) lib/action_dispatch/middleware/debug_exceptions.rb:16:in `call'
  actionpack (3.2.11) lib/action_dispatch/middleware/show_exceptions.rb:56:in `call'
  railties (3.2.11) lib/rails/rack/logger.rb:32:in `call_app'
  railties (3.2.11) lib/rails/rack/logger.rb:16:in `block in call'
  activesupport (3.2.11) lib/active_support/tagged_logging.rb:22:in `tagged'
  railties (3.2.11) lib/rails/rack/logger.rb:16:in `call'
  actionpack (3.2.11) lib/action_dispatch/middleware/request_id.rb:22:in `call'
  rack (1.4.4) lib/rack/methodoverride.rb:21:in `call'
  rack (1.4.4) lib/rack/runtime.rb:17:in `call'
  activesupport (3.2.11) lib/active_support/cache/strategy/local_cache.rb:72:in `call'
  rack (1.4.4) lib/rack/lock.rb:15:in `call'
  actionpack (3.2.11) lib/action_dispatch/middleware/static.rb:62:in `call'
  railties (3.2.11) lib/rails/engine.rb:479:in `call'
  railties (3.2.11) lib/rails/application.rb:223:in `call'
  rack (1.4.4) lib/rack/content_length.rb:14:in `call'
  railties (3.2.11) lib/rails/rack/log_tailer.rb:17:in `call'
  rack (1.4.4) lib/rack/handler/webrick.rb:59:in `service'
  C:/ruby193/lib/ruby/1.9.1/webrick/httpserver.rb:138:in `service'
  C:/ruby193/lib/ruby/1.9.1/webrick/httpserver.rb:94:in `run'
  C:/ruby193/lib/ruby/1.9.1/webrick/server.rb:191:in `block in start_thread'


  Rendered C:/ruby193/lib/ruby/gems/1.9.1/gems/actionpack-3.2.11/lib/action_dispatch/middleware/templates/rescues/_trace.erb (1.0ms)
  Rendered C:/ruby193/lib/ruby/gems/1.9.1/gems/actionpack-3.2.11/lib/action_dispatch/middleware/templates/rescues/_request_and_response.erb (0.0ms)
  Rendered C:/ruby193/lib/ruby/gems/1.9.1/gems/actionpack-3.2.11/lib/action_dispatch/middleware/templates/rescues/diagnostics.erb within rescues/layout (13.0ms)
